<?xml version="1.0" encoding="UTF-8"?>
<coverage generated="1756313275726" clover="3.2.0">
  <project timestamp="1756313275726" name="All files">
    <metrics statements="76" coveredstatements="74" conditionals="28" coveredconditionals="18" methods="28" coveredmethods="28" elements="132" coveredelements="120" complexity="0" loc="76" ncloc="76" packages="1" files="5" classes="5"/>
    <file name="batchIdResolver.js" path="D:\Uptech-Test-Automation\utils\batchIdResolver.js">
      <metrics statements="27" coveredstatements="25" conditionals="20" coveredconditionals="12" methods="7" coveredmethods="7"/>
      <line num="1" count="1" type="stmt"/>
      <line num="3" count="1" type="stmt"/>
      <line num="4" count="1" type="stmt"/>
      <line num="5" count="1" type="stmt"/>
      <line num="6" count="1" type="stmt"/>
      <line num="7" count="1" type="stmt"/>
      <line num="8" count="1" type="stmt"/>
      <line num="12" count="12" type="stmt"/>
      <line num="13" count="12" type="stmt"/>
      <line num="14" count="12" type="stmt"/>
      <line num="15" count="12" type="stmt"/>
      <line num="16" count="12" type="stmt"/>
      <line num="17" count="12" type="stmt"/>
      <line num="20" count="12" type="stmt"/>
      <line num="21" count="12" type="cond" truecount="3" falsecount="1"/>
      <line num="22" count="0" type="stmt"/>
      <line num="26" count="12" type="stmt"/>
      <line num="27" count="12" type="cond" truecount="3" falsecount="1"/>
      <line num="28" count="0" type="stmt"/>
      <line num="32" count="12" type="cond" truecount="1" falsecount="1"/>
      <line num="35" count="60" type="cond" truecount="1" falsecount="1"/>
      <line num="36" count="48" type="cond" truecount="1" falsecount="1"/>
      <line num="37" count="36" type="cond" truecount="1" falsecount="1"/>
      <line num="38" count="24" type="cond" truecount="1" falsecount="1"/>
      <line num="39" count="12" type="cond" truecount="1" falsecount="1"/>
      <line num="45" count="10" type="stmt"/>
      <line num="55" count="1" type="stmt"/>
    </file>
    <file name="dbClient.js" path="D:\Uptech-Test-Automation\utils\dbClient.js">
      <metrics statements="14" coveredstatements="14" conditionals="4" coveredconditionals="3" methods="2" coveredmethods="2"/>
      <line num="25" count="1" type="stmt"/>
      <line num="26" count="1" type="stmt"/>
      <line num="27" count="1" type="stmt"/>
      <line num="29" count="1" type="stmt"/>
      <line num="32" count="49" type="cond" truecount="2" falsecount="0"/>
      <line num="34" count="1" type="stmt"/>
      <line num="35" count="1" type="stmt"/>
      <line num="37" count="1" type="stmt"/>
      <line num="46" count="1" type="stmt"/>
      <line num="47" count="1" type="stmt"/>
      <line num="51" count="1" type="cond" truecount="1" falsecount="1"/>
      <line num="52" count="1" type="stmt"/>
      <line num="53" count="1" type="stmt"/>
      <line num="57" count="1" type="stmt"/>
    </file>
    <file name="fleetSqlRunner.js" path="D:\Uptech-Test-Automation\utils\fleetSqlRunner.js">
      <metrics statements="25" coveredstatements="25" conditionals="4" coveredconditionals="3" methods="17" coveredmethods="17"/>
      <line num="1" count="1" type="stmt"/>
      <line num="2" count="1" type="stmt"/>
      <line num="3" count="1" type="stmt"/>
      <line num="6" count="43" type="stmt"/>
      <line num="11" count="43" type="stmt"/>
      <line num="12" count="43" type="stmt"/>
      <line num="13" count="43" type="cond" truecount="2" falsecount="0"/>
      <line num="16" count="43" type="stmt"/>
      <line num="22" count="13" type="stmt"/>
      <line num="26" count="13" type="cond" truecount="1" falsecount="1"/>
      <line num="27" count="13" type="stmt"/>
      <line num="30" count="1" type="stmt"/>
      <line num="31" count="1" type="stmt"/>
      <line num="32" count="5" type="stmt"/>
      <line num="33" count="1" type="stmt"/>
      <line num="34" count="1" type="stmt"/>
      <line num="35" count="1" type="stmt"/>
      <line num="36" count="1" type="stmt"/>
      <line num="37" count="1" type="stmt"/>
      <line num="40" count="1" type="stmt"/>
      <line num="41" count="1" type="stmt"/>
      <line num="42" count="1" type="stmt"/>
      <line num="43" count="1" type="stmt"/>
      <line num="44" count="1" type="stmt"/>
      <line num="46" count="1" type="stmt"/>
    </file>
    <file name="fleet_test_helpers.js" path="D:\Uptech-Test-Automation\utils\fleet_test_helpers.js">
      <metrics statements="6" coveredstatements="6" conditionals="0" coveredconditionals="0" methods="1" coveredmethods="1"/>
      <line num="1" count="1" type="stmt"/>
      <line num="2" count="1" type="stmt"/>
      <line num="5" count="9" type="stmt"/>
      <line num="6" count="9" type="stmt"/>
      <line num="26" count="1" type="stmt"/>
      <line num="28" count="1" type="stmt"/>
    </file>
    <file name="readSQLFile.js" path="D:\Uptech-Test-Automation\utils\readSQLFile.js">
      <metrics statements="4" coveredstatements="4" conditionals="0" coveredconditionals="0" methods="1" coveredmethods="1"/>
      <line num="1" count="1" type="stmt"/>
      <line num="2" count="1" type="stmt"/>
      <line num="5" count="74" type="stmt"/>
      <line num="8" count="1" type="stmt"/>
    </file>
  </project>
</coverage>
