TN:
SF:utils\batchIdResolver.js
FN:10,initializeBatchIds
FN:35,(anonymous_1)
FN:36,(anonymous_2)
FN:37,(anonymous_3)
FN:38,(anonymous_4)
FN:39,(anonymous_5)
FN:44,getBatchIds
FNF:7
FNH:7
FNDA:12,initializeBatchIds
FNDA:60,(anonymous_1)
FNDA:48,(anonymous_2)
FNDA:36,(anonymous_3)
FNDA:24,(anonymous_4)
FNDA:12,(anonymous_5)
FNDA:10,getBatchIds
DA:1,1
DA:3,1
DA:4,1
DA:5,1
DA:6,1
DA:7,1
DA:8,1
DA:12,12
DA:13,12
DA:14,12
DA:15,12
DA:16,12
DA:17,12
DA:20,12
DA:21,12
DA:22,0
DA:26,12
DA:27,12
DA:28,0
DA:32,12
DA:35,60
DA:36,48
DA:37,36
DA:38,24
DA:39,12
DA:45,10
DA:55,1
LF:27
LH:25
BRDA:21,0,0,0
BRDA:21,0,1,12
BRDA:21,1,0,12
BRDA:21,1,1,12
BRDA:27,2,0,0
BRDA:27,2,1,12
BRDA:27,3,0,12
BRDA:27,3,1,12
BRDA:32,4,0,12
BRDA:32,4,1,0
BRDA:35,5,0,12
BRDA:35,5,1,0
BRDA:36,6,0,12
BRDA:36,6,1,0
BRDA:37,7,0,12
BRDA:37,7,1,0
BRDA:38,8,0,12
BRDA:38,8,1,0
BRDA:39,9,0,12
BRDA:39,9,1,0
BRF:20
BRH:12
end_of_record
TN:
SF:utils\dbClient.js
FN:31,getDbClient
FN:50,closeDbClient
FNF:2
FNH:2
FNDA:49,getDbClient
FNDA:1,closeDbClient
DA:25,1
DA:26,1
DA:27,1
DA:29,1
DA:32,49
DA:34,1
DA:35,1
DA:37,1
DA:46,1
DA:47,1
DA:51,1
DA:52,1
DA:53,1
DA:57,1
LF:14
LH:14
BRDA:32,0,0,48
BRDA:32,0,1,1
BRDA:51,1,0,1
BRDA:51,1,1,0
BRF:4
BRH:3
end_of_record
TN:
SF:utils\fleetSqlRunner.js
FN:5,readSQL
FN:10,fetchBatchRecords
FN:21,fetchLatestFleetFile
FN:25,fetchBatchesByFileId
FN:30,fetchFleetRecordsForbronze
FN:31,fetchFleetRecordsForbronzeerror
FN:32,fetchValidFleetRecordsForSilverDelta
FN:33,fetchFleetRecordsForSilverDeltaInfleet
FN:34,fetchFleetRecordsForSilverDeltadefleet
FN:35,fetchFleetRecordsForSilverDeltaupdate
FN:36,fetchFleetRecordsForregistrationdelta
FN:37,fetchFleetRecordsForregistration
FN:40,fetchFleetRecordsForfleet
FN:41,fetchFleetRecordsForfleetderegistration
FN:42,fetchFleetRecordsForfleethistory
FN:43,fetchFleetRecordsForregistrationdeltadereg
FN:44,fetchFleetRecordsForregistrationdereg
FNF:17
FNH:17
FNDA:43,readSQL
FNDA:43,fetchBatchRecords
FNDA:13,fetchLatestFleetFile
FNDA:13,fetchBatchesByFileId
FNDA:1,fetchFleetRecordsForbronze
FNDA:1,fetchFleetRecordsForbronzeerror
FNDA:5,fetchValidFleetRecordsForSilverDelta
FNDA:1,fetchFleetRecordsForSilverDeltaInfleet
FNDA:1,fetchFleetRecordsForSilverDeltadefleet
FNDA:1,fetchFleetRecordsForSilverDeltaupdate
FNDA:1,fetchFleetRecordsForregistrationdelta
FNDA:1,fetchFleetRecordsForregistration
FNDA:1,fetchFleetRecordsForfleet
FNDA:1,fetchFleetRecordsForfleetderegistration
FNDA:1,fetchFleetRecordsForfleethistory
FNDA:1,fetchFleetRecordsForregistrationdeltadereg
FNDA:1,fetchFleetRecordsForregistrationdereg
DA:1,1
DA:2,1
DA:3,1
DA:6,43
DA:11,43
DA:12,43
DA:13,43
DA:16,43
DA:22,13
DA:26,13
DA:27,13
DA:30,1
DA:31,1
DA:32,5
DA:33,1
DA:34,1
DA:35,1
DA:36,1
DA:37,1
DA:40,1
DA:41,1
DA:42,1
DA:43,1
DA:44,1
DA:46,1
LF:25
LH:25
BRDA:13,0,0,26
BRDA:13,0,1,17
BRDA:26,1,0,0
BRDA:26,1,1,13
BRF:4
BRH:3
end_of_record
TN:
SF:utils\fleet_test_helpers.js
FN:4,loadJson
FNF:1
FNH:1
FNDA:9,loadJson
DA:1,1
DA:2,1
DA:5,9
DA:6,9
DA:26,1
DA:28,1
LF:6
LH:6
BRF:0
BRH:0
end_of_record
TN:
SF:utils\readSQLFile.js
FN:4,readSQLFile
FNF:1
FNH:1
FNDA:74,readSQLFile
DA:1,1
DA:2,1
DA:5,74
DA:8,1
LF:4
LH:4
BRF:0
BRH:0
end_of_record
